[1m[33mComponent HMR has been enabled, see https://angular.dev/hmr for more info.[39m[22m
[1m[33m[33m▲ [43;33m[[43;30mWARNING[43;33m][0m [1mDeprecation[0m [1m[35m[plugin angular-sass][0m

    assets/scss/astro-ecommerce.scss:15:8:
[37m      15 │ @import [32m[37m"astro-ecommerce/bootstrap/functions";
         ╵         [32m^[0m


  Sass @import rules are deprecated and will be removed in Dart Sass 3.0.0.
  
  More info and automated migrator: [4mhttps://sass-lang.com/d/import[0m

  The plugin "angular-sass" was triggered by this import

    angular:styles/global:styles:1:8:
[37m      1 │ @import [32m'src/styles.scss'[37m;
        ╵         [32m~~~~~~~~~~~~~~~~~[0m


[33m▲ [43;33m[[43;30mWARNING[43;33m][0m [1mDeprecation[0m [1m[35m[plugin angular-sass][0m

    assets/scss/astro-ecommerce.scss:18:8:
[37m      18 │ @import [32m[37m"astro-ecommerce/custom/variables";
         ╵         [32m^[0m


  Sass @import rules are deprecated and will be removed in Dart Sass 3.0.0.
  
  More info and automated migrator: [4mhttps://sass-lang.com/d/import[0m

  The plugin "angular-sass" was triggered by this import

    angular:styles/global:styles:1:8:
[37m      1 │ @import [32m'src/styles.scss'[37m;
        ╵         [32m~~~~~~~~~~~~~~~~~[0m


[33m▲ [43;33m[[43;30mWARNING[43;33m][0m [1mDeprecation[0m [1m[35m[plugin angular-sass][0m

    assets/scss/astro-ecommerce.scss:21:8:
[37m      21 │ @import [32m[37m"astro-ecommerce/variables";
         ╵         [32m^[0m


  Sass @import rules are deprecated and will be removed in Dart Sass 3.0.0.
  
  More info and automated migrator: [4mhttps://sass-lang.com/d/import[0m

  The plugin "angular-sass" was triggered by this import

    angular:styles/global:styles:1:8:
[37m      1 │ @import [32m'src/styles.scss'[37m;
        ╵         [32m~~~~~~~~~~~~~~~~~[0m


[33m▲ [43;33m[[43;30mWARNING[43;33m][0m [1mDeprecation[0m [1m[35m[plugin angular-sass][0m

    assets/scss/astro-ecommerce.scss:24:8:
[37m      24 │ @import [32m[37m"astro-ecommerce/bootstrap/bootstrap";
         ╵         [32m^[0m


  Sass @import rules are deprecated and will be removed in Dart Sass 3.0.0.
  
  More info and automated migrator: [4mhttps://sass-lang.com/d/import[0m

  The plugin "angular-sass" was triggered by this import

    angular:styles/global:styles:1:8:
[37m      1 │ @import [32m'src/styles.scss'[37m;
        ╵         [32m~~~~~~~~~~~~~~~~~[0m


[33m▲ [43;33m[[43;30mWARNING[43;33m][0m [1mDeprecation[0m [1m[35m[plugin angular-sass][0m

    assets/scss/astro-ecommerce/_variables.scss:1129:43:
[37m      1129 │ ...thumb-active-bg:               [32m[37mlighten($component-active-bg, ...
           ╵                                   [32m^[0m


  lighten() is deprecated. Suggestions:
  
  color.scale($color, $lightness: 86.231884058%)
  color.adjust($color, $lightness: 35%)
  
  More info: [4mhttps://sass-lang.com/d/color-functions[0m

  The plugin "angular-sass" was triggered by this import

    angular:styles/global:styles:1:8:
[37m      1 │ @import [32m'src/styles.scss'[37m;
        ╵         [32m~~~~~~~~~~~~~~~~~[0m


[33m▲ [43;33m[[43;30mWARNING[43;33m][0m [1mDeprecation[0m [1m[35m[plugin angular-sass][0m

    assets/scss/astro-ecommerce/_variables.scss:1478:36:
[37m      1478 │ ...ver-arrow-outer-color:         [32m[37mfade-in($popover-border-color,...
           ╵                                   [32m^[0m


  fade-in() is deprecated. Suggestions:
  
  color.scale($color, $alpha: 6.25%)
  color.adjust($color, $alpha: 0.05)
  
  More info: [4mhttps://sass-lang.com/d/color-functions[0m

  The plugin "angular-sass" was triggered by this import

    angular:styles/global:styles:1:8:
[37m      1 │ @import [32m'src/styles.scss'[37m;
        ╵         [32m~~~~~~~~~~~~~~~~~[0m


[33m▲ [43;33m[[43;30mWARNING[43;33m][0m [1mDeprecation[0m [1m[35m[plugin angular-sass][0m

    assets/scss/astro-ecommerce/bootstrap/_functions.scss:11:29:
[37m      11 │     @if $prev-num == null or [32m[37munit($num) == "%" or unit($prev-num) ...
         ╵                              [32m^[0m


  Global built-in functions are deprecated and will be removed in Dart Sass 3.0.0.
  Use math.unit instead.
  
  More info and automated migrator: [4mhttps://sass-lang.com/d/import[0m

  The plugin "angular-sass" was triggered by this import

    angular:styles/global:styles:1:8:
[37m      1 │ @import [32m'src/styles.scss'[37m;
        ╵         [32m~~~~~~~~~~~~~~~~~[0m


[33m▲ [43;33m[[43;30mWARNING[43;33m][0m [1mDeprecation[0m [1m[35m[plugin angular-sass][0m

    assets/scss/astro-ecommerce/bootstrap/_functions.scss:11:50:
[37m      11 │ ...$prev-num == null or unit($num) == "%" or [32m[37munit($prev-num) == "%" {
         ╵                                              [32m^[0m


  Global built-in functions are deprecated and will be removed in Dart Sass 3.0.0.
  Use math.unit instead.
  
  More info and automated migrator: [4mhttps://sass-lang.com/d/import[0m

  The plugin "angular-sass" was triggered by this import

    angular:styles/global:styles:1:8:
[37m      1 │ @import [32m'src/styles.scss'[37m;
        ╵         [32m~~~~~~~~~~~~~~~~~[0m


[33m▲ [43;33m[[43;30mWARNING[43;33m][0m [1mDeprecation[0m [1m[35m[plugin angular-sass][0m

    assets/scss/astro-ecommerce/bootstrap/_functions.scss:82:15:
[37m      82 │       $result: [32m[37mmap-merge($result, ("n" + $key: (-$value)));
         ╵                [32m^[0m


  Global built-in functions are deprecated and will be removed in Dart Sass 3.0.0.
  Use map.merge instead.
  
  More info and automated migrator: [4mhttps://sass-lang.com/d/import[0m

  The plugin "angular-sass" was triggered by this import

    angular:styles/global:styles:1:8:
[37m      1 │ @import [32m'src/styles.scss'[37m;
        ╵         [32m~~~~~~~~~~~~~~~~~[0m


[33m▲ [43;33m[[43;30mWARNING[43;33m][0m [1mDeprecation[0m [1m[35m[plugin angular-sass][0m

    assets/scss/astro-ecommerce/bootstrap/_functions.scss:207:10:
[37m      207 │   @return [32m[37mmix(white, $color, $weight);
          ╵           [32m^[0m


  Global built-in functions are deprecated and will be removed in Dart Sass 3.0.0.
  Use color.mix instead.
  
  More info and automated migrator: [4mhttps://sass-lang.com/d/import[0m

  The plugin "angular-sass" was triggered by this import

    angular:styles/global:styles:1:8:
[37m      1 │ @import [32m'src/styles.scss'[37m;
        ╵         [32m~~~~~~~~~~~~~~~~~[0m


[33m▲ [43;33m[[43;30mWARNING[43;33m][0m [1mDeprecation[0m [1m[35m[plugin angular-sass][0m

    assets/scss/astro-ecommerce/bootstrap/_functions.scss:212:10:
[37m      212 │   @return [32m[37mmix(black, $color, $weight);
          ╵           [32m^[0m


  Global built-in functions are deprecated and will be removed in Dart Sass 3.0.0.
  Use color.mix instead.
  
  More info and automated migrator: [4mhttps://sass-lang.com/d/import[0m

  The plugin "angular-sass" was triggered by this import

    angular:styles/global:styles:1:8:
[37m      1 │ @import [32m'src/styles.scss'[37m;
        ╵         [32m~~~~~~~~~~~~~~~~~[0m


[33m▲ [43;33m[[43;30mWARNING[43;33m][0m [1mDeprecation[0m [1m[35m[plugin angular-sass][0m

    assets/scss/astro-ecommerce/bootstrap/_reboot.scss:502:2:
[37m      502 │   [32m[37mfont-weight: $legend-font-weight;
          ╵   [32m^[0m


  Sass's behavior for declarations that appear after nested
  rules will be changing to match the behavior specified by CSS in an upcoming
  version. To keep the existing behavior, move the declaration above the nested
  rule. To opt into the new behavior, wrap the declaration in `& {}`.
  
  More info: [4mhttps://sass-lang.com/d/mixed-decls[0m

  The plugin "angular-sass" was triggered by this import

    angular:styles/global:styles:1:8:
[37m      1 │ @import [32m'src/styles.scss'[37m;
        ╵         [32m~~~~~~~~~~~~~~~~~[0m


[33m▲ [43;33m[[43;30mWARNING[43;33m][0m [1mDeprecation[0m [1m[35m[plugin angular-sass][0m

    assets/scss/astro-ecommerce/bootstrap/_reboot.scss:503:2:
[37m      503 │   [32m[37mline-height: inherit;
          ╵   [32m^[0m


  Sass's behavior for declarations that appear after nested
  rules will be changing to match the behavior specified by CSS in an upcoming
  version. To keep the existing behavior, move the declaration above the nested
  rule. To opt into the new behavior, wrap the declaration in `& {}`.
  
  More info: [4mhttps://sass-lang.com/d/mixed-decls[0m

  The plugin "angular-sass" was triggered by this import

    angular:styles/global:styles:1:8:
[37m      1 │ @import [32m'src/styles.scss'[37m;
        ╵         [32m~~~~~~~~~~~~~~~~~[0m


[33m▲ [43;33m[[43;30mWARNING[43;33m][0m [1mDeprecation[0m [1m[35m[plugin angular-sass][0m

    assets/scss/astro-ecommerce/bootstrap/_type.scss:38:4:
[37m      38 │     [32m[37mfont-family: $display-font-family;
         ╵     [32m^[0m


  Sass's behavior for declarations that appear after nested
  rules will be changing to match the behavior specified by CSS in an upcoming
  version. To keep the existing behavior, move the declaration above the nested
  rule. To opt into the new behavior, wrap the declaration in `& {}`.
  
  More info: [4mhttps://sass-lang.com/d/mixed-decls[0m

  The plugin "angular-sass" was triggered by this import

    angular:styles/global:styles:1:8:
[37m      1 │ @import [32m'src/styles.scss'[37m;
        ╵         [32m~~~~~~~~~~~~~~~~~[0m


[33m▲ [43;33m[[43;30mWARNING[43;33m][0m [1mDeprecation[0m [1m[35m[plugin angular-sass][0m

    assets/scss/astro-ecommerce/bootstrap/_type.scss:39:4:
[37m      39 │     [32m[37mfont-style: $display-font-style;
         ╵     [32m^[0m


  Sass's behavior for declarations that appear after nested
  rules will be changing to match the behavior specified by CSS in an upcoming
  version. To keep the existing behavior, move the declaration above the nested
  rule. To opt into the new behavior, wrap the declaration in `& {}`.
  
  More info: [4mhttps://sass-lang.com/d/mixed-decls[0m

  The plugin "angular-sass" was triggered by this import

    angular:styles/global:styles:1:8:
[37m      1 │ @import [32m'src/styles.scss'[37m;
        ╵         [32m~~~~~~~~~~~~~~~~~[0m


[33m▲ [43;33m[[43;30mWARNING[43;33m][0m [1mDeprecation[0m [1m[35m[plugin angular-sass][0m

    assets/scss/astro-ecommerce/bootstrap/_type.scss:40:4:
[37m      40 │     [32m[37mfont-weight: $display-font-weight;
         ╵     [32m^[0m


  Sass's behavior for declarations that appear after nested
  rules will be changing to match the behavior specified by CSS in an upcoming
  version. To keep the existing behavior, move the declaration above the nested
  rule. To opt into the new behavior, wrap the declaration in `& {}`.
  
  More info: [4mhttps://sass-lang.com/d/mixed-decls[0m

  The plugin "angular-sass" was triggered by this import

    angular:styles/global:styles:1:8:
[37m      1 │ @import [32m'src/styles.scss'[37m;
        ╵         [32m~~~~~~~~~~~~~~~~~[0m


[33m▲ [43;33m[[43;30mWARNING[43;33m][0m [1mDeprecation[0m [1m[35m[plugin angular-sass][0m

    assets/scss/astro-ecommerce/bootstrap/vendor/_rfs.scss:57:13:
[37m      57 │   $dividend: [32m[37mabs($dividend);
         ╵              [32m^[0m


  Passing percentage units to the global abs() function is deprecated.
  In the future, this will emit a CSS abs() function to be resolved by the browser.
  To preserve current behavior: math.abs(100%)
  To emit a CSS abs() now: abs(#{100%})
  More info: [4mhttps://sass-lang.com/d/abs-percent[0m

  The plugin "angular-sass" was triggered by this import

    angular:styles/global:styles:1:8:
[37m      1 │ @import [32m'src/styles.scss'[37m;
        ╵         [32m~~~~~~~~~~~~~~~~~[0m


[33m▲ [43;33m[[43;30mWARNING[43;33m][0m [1mDeprecation[0m [1m[35m[plugin angular-sass][0m

    assets/scss/astro-ecommerce/variables/_navbar-vertical.scss:2:43:
[37m      2 │ ...-light-hover-bg:                    [32m[37mdarken($gray-100, 5%) !default;
        ╵                                        [32m^[0m


  darken() is deprecated. Suggestions:
  
  color.scale($color, $lightness: -5.1%)
  color.adjust($color, $lightness: -5%)
  
  More info: [4mhttps://sass-lang.com/d/color-functions[0m

  The plugin "angular-sass" was triggered by this import

    angular:styles/global:styles:1:8:
[37m      1 │ @import [32m'src/styles.scss'[37m;
        ╵         [32m~~~~~~~~~~~~~~~~~[0m


[33m▲ [43;33m[[43;30mWARNING[43;33m][0m [1mDeprecation[0m [1m[35m[plugin angular-sass][0m

    assets/scss/astro-ecommerce/variables/_navbar-vertical.scss:3:43:
[37m      3 │ ...-light-active-bg:                   [32m[37mdarken($gray-100, 5%) !default;
        ╵                                        [32m^[0m


  darken() is deprecated. Suggestions:
  
  color.scale($color, $lightness: -5.1%)
  color.adjust($color, $lightness: -5%)
  
  More info: [4mhttps://sass-lang.com/d/color-functions[0m

  The plugin "angular-sass" was triggered by this import

    angular:styles/global:styles:1:8:
[37m      1 │ @import [32m'src/styles.scss'[37m;
        ╵         [32m~~~~~~~~~~~~~~~~~[0m


[33m▲ [43;33m[[43;30mWARNING[43;33m][0m [1mDeprecation[0m [1m[35m[plugin angular-sass][0m

    assets/scss/astro-ecommerce/variables/_social-buttons.scss:4:24:
[37m      4 │ $facebook-states:       [32m[37mdarken($facebook, 5%) !default;
        ╵                         [32m^[0m


  darken() is deprecated. Suggestions:
  
  color.scale($color, $lightness: -12.0853080569%)
  color.adjust($color, $lightness: -5%)
  
  More info: [4mhttps://sass-lang.com/d/color-functions[0m

  The plugin "angular-sass" was triggered by this import

    angular:styles/global:styles:1:8:
[37m      1 │ @import [32m'src/styles.scss'[37m;
        ╵         [32m~~~~~~~~~~~~~~~~~[0m


[33m▲ [43;33m[[43;30mWARNING[43;33m][0m [1mDeprecation[0m [1m[35m[plugin angular-sass][0m

    src/styles.scss:1:8:
[37m      1 │ @import [32m[37m"../assets/scss/astro-ecommerce";
        ╵         [32m^[0m


  Sass @import rules are deprecated and will be removed in Dart Sass 3.0.0.
  
  More info and automated migrator: [4mhttps://sass-lang.com/d/import[0m

  The plugin "angular-sass" was triggered by this import

    angular:styles/global:styles:1:8:
[37m      1 │ @import [32m'src/styles.scss'[37m;
        ╵         [32m~~~~~~~~~~~~~~~~~[0m


[33m▲ [43;33m[[43;30mWARNING[43;33m][0m [1m406 repetitive deprecation warnings omitted.
Run in verbose mode to see all warnings.[0m [1m[35m[plugin angular-sass][0m

    angular:styles/global:styles:1:8:
[37m      1 │ @import [32m'src/styles.scss'[37m;
        ╵         [32m~~~~~~~~~~~~~~~~~[0m

  null

[39m[22m
[1m[33m[33m▲ [43;33m[[43;30mWARNING[43;33m][0m [1mDeprecation[0m [1m[35m[plugin angular-sass][0m

    assets/scss/astro-ecommerce.scss:15:8:
[37m      15 │ @import [32m[37m"astro-ecommerce/bootstrap/functions";
         ╵         [32m^[0m


  Sass @import rules are deprecated and will be removed in Dart Sass 3.0.0.
  
  More info and automated migrator: [4mhttps://sass-lang.com/d/import[0m

  The plugin "angular-sass" was triggered by this import

    angular:styles/global:styles:1:8:
[37m      1 │ @import [32m'src/styles.scss'[37m;
        ╵         [32m~~~~~~~~~~~~~~~~~[0m


[33m▲ [43;33m[[43;30mWARNING[43;33m][0m [1mDeprecation[0m [1m[35m[plugin angular-sass][0m

    assets/scss/astro-ecommerce.scss:18:8:
[37m      18 │ @import [32m[37m"astro-ecommerce/custom/variables";
         ╵         [32m^[0m


  Sass @import rules are deprecated and will be removed in Dart Sass 3.0.0.
  
  More info and automated migrator: [4mhttps://sass-lang.com/d/import[0m

  The plugin "angular-sass" was triggered by this import

    angular:styles/global:styles:1:8:
[37m      1 │ @import [32m'src/styles.scss'[37m;
        ╵         [32m~~~~~~~~~~~~~~~~~[0m


[33m▲ [43;33m[[43;30mWARNING[43;33m][0m [1mDeprecation[0m [1m[35m[plugin angular-sass][0m

    assets/scss/astro-ecommerce.scss:21:8:
[37m      21 │ @import [32m[37m"astro-ecommerce/variables";
         ╵         [32m^[0m


  Sass @import rules are deprecated and will be removed in Dart Sass 3.0.0.
  
  More info and automated migrator: [4mhttps://sass-lang.com/d/import[0m

  The plugin "angular-sass" was triggered by this import

    angular:styles/global:styles:1:8:
[37m      1 │ @import [32m'src/styles.scss'[37m;
        ╵         [32m~~~~~~~~~~~~~~~~~[0m


[33m▲ [43;33m[[43;30mWARNING[43;33m][0m [1mDeprecation[0m [1m[35m[plugin angular-sass][0m

    assets/scss/astro-ecommerce.scss:24:8:
[37m      24 │ @import [32m[37m"astro-ecommerce/bootstrap/bootstrap";
         ╵         [32m^[0m


  Sass @import rules are deprecated and will be removed in Dart Sass 3.0.0.
  
  More info and automated migrator: [4mhttps://sass-lang.com/d/import[0m

  The plugin "angular-sass" was triggered by this import

    angular:styles/global:styles:1:8:
[37m      1 │ @import [32m'src/styles.scss'[37m;
        ╵         [32m~~~~~~~~~~~~~~~~~[0m


[33m▲ [43;33m[[43;30mWARNING[43;33m][0m [1mDeprecation[0m [1m[35m[plugin angular-sass][0m

    assets/scss/astro-ecommerce/_variables.scss:1129:43:
[37m      1129 │ ...thumb-active-bg:               [32m[37mlighten($component-active-bg, ...
           ╵                                   [32m^[0m


  lighten() is deprecated. Suggestions:
  
  color.scale($color, $lightness: 86.231884058%)
  color.adjust($color, $lightness: 35%)
  
  More info: [4mhttps://sass-lang.com/d/color-functions[0m

  The plugin "angular-sass" was triggered by this import

    angular:styles/global:styles:1:8:
[37m      1 │ @import [32m'src/styles.scss'[37m;
        ╵         [32m~~~~~~~~~~~~~~~~~[0m


[33m▲ [43;33m[[43;30mWARNING[43;33m][0m [1mDeprecation[0m [1m[35m[plugin angular-sass][0m

    assets/scss/astro-ecommerce/_variables.scss:1478:36:
[37m      1478 │ ...ver-arrow-outer-color:         [32m[37mfade-in($popover-border-color,...
           ╵                                   [32m^[0m


  fade-in() is deprecated. Suggestions:
  
  color.scale($color, $alpha: 6.25%)
  color.adjust($color, $alpha: 0.05)
  
  More info: [4mhttps://sass-lang.com/d/color-functions[0m

  The plugin "angular-sass" was triggered by this import

    angular:styles/global:styles:1:8:
[37m      1 │ @import [32m'src/styles.scss'[37m;
        ╵         [32m~~~~~~~~~~~~~~~~~[0m


[33m▲ [43;33m[[43;30mWARNING[43;33m][0m [1mDeprecation[0m [1m[35m[plugin angular-sass][0m

    assets/scss/astro-ecommerce/bootstrap/_functions.scss:11:29:
[37m      11 │     @if $prev-num == null or [32m[37munit($num) == "%" or unit($prev-num) ...
         ╵                              [32m^[0m


  Global built-in functions are deprecated and will be removed in Dart Sass 3.0.0.
  Use math.unit instead.
  
  More info and automated migrator: [4mhttps://sass-lang.com/d/import[0m

  The plugin "angular-sass" was triggered by this import

    angular:styles/global:styles:1:8:
[37m      1 │ @import [32m'src/styles.scss'[37m;
        ╵         [32m~~~~~~~~~~~~~~~~~[0m


[33m▲ [43;33m[[43;30mWARNING[43;33m][0m [1mDeprecation[0m [1m[35m[plugin angular-sass][0m

    assets/scss/astro-ecommerce/bootstrap/_functions.scss:11:50:
[37m      11 │ ...$prev-num == null or unit($num) == "%" or [32m[37munit($prev-num) == "%" {
         ╵                                              [32m^[0m


  Global built-in functions are deprecated and will be removed in Dart Sass 3.0.0.
  Use math.unit instead.
  
  More info and automated migrator: [4mhttps://sass-lang.com/d/import[0m

  The plugin "angular-sass" was triggered by this import

    angular:styles/global:styles:1:8:
[37m      1 │ @import [32m'src/styles.scss'[37m;
        ╵         [32m~~~~~~~~~~~~~~~~~[0m


[33m▲ [43;33m[[43;30mWARNING[43;33m][0m [1mDeprecation[0m [1m[35m[plugin angular-sass][0m

    assets/scss/astro-ecommerce/bootstrap/_functions.scss:82:15:
[37m      82 │       $result: [32m[37mmap-merge($result, ("n" + $key: (-$value)));
         ╵                [32m^[0m


  Global built-in functions are deprecated and will be removed in Dart Sass 3.0.0.
  Use map.merge instead.
  
  More info and automated migrator: [4mhttps://sass-lang.com/d/import[0m

  The plugin "angular-sass" was triggered by this import

    angular:styles/global:styles:1:8:
[37m      1 │ @import [32m'src/styles.scss'[37m;
        ╵         [32m~~~~~~~~~~~~~~~~~[0m


[33m▲ [43;33m[[43;30mWARNING[43;33m][0m [1mDeprecation[0m [1m[35m[plugin angular-sass][0m

    assets/scss/astro-ecommerce/bootstrap/_functions.scss:207:10:
[37m      207 │   @return [32m[37mmix(white, $color, $weight);
          ╵           [32m^[0m


  Global built-in functions are deprecated and will be removed in Dart Sass 3.0.0.
  Use color.mix instead.
  
  More info and automated migrator: [4mhttps://sass-lang.com/d/import[0m

  The plugin "angular-sass" was triggered by this import

    angular:styles/global:styles:1:8:
[37m      1 │ @import [32m'src/styles.scss'[37m;
        ╵         [32m~~~~~~~~~~~~~~~~~[0m


[33m▲ [43;33m[[43;30mWARNING[43;33m][0m [1mDeprecation[0m [1m[35m[plugin angular-sass][0m

    assets/scss/astro-ecommerce/bootstrap/_functions.scss:212:10:
[37m      212 │   @return [32m[37mmix(black, $color, $weight);
          ╵           [32m^[0m


  Global built-in functions are deprecated and will be removed in Dart Sass 3.0.0.
  Use color.mix instead.
  
  More info and automated migrator: [4mhttps://sass-lang.com/d/import[0m

  The plugin "angular-sass" was triggered by this import

    angular:styles/global:styles:1:8:
[37m      1 │ @import [32m'src/styles.scss'[37m;
        ╵         [32m~~~~~~~~~~~~~~~~~[0m


[33m▲ [43;33m[[43;30mWARNING[43;33m][0m [1mDeprecation[0m [1m[35m[plugin angular-sass][0m

    assets/scss/astro-ecommerce/bootstrap/_reboot.scss:502:2:
[37m      502 │   [32m[37mfont-weight: $legend-font-weight;
          ╵   [32m^[0m


  Sass's behavior for declarations that appear after nested
  rules will be changing to match the behavior specified by CSS in an upcoming
  version. To keep the existing behavior, move the declaration above the nested
  rule. To opt into the new behavior, wrap the declaration in `& {}`.
  
  More info: [4mhttps://sass-lang.com/d/mixed-decls[0m

  The plugin "angular-sass" was triggered by this import

    angular:styles/global:styles:1:8:
[37m      1 │ @import [32m'src/styles.scss'[37m;
        ╵         [32m~~~~~~~~~~~~~~~~~[0m


[33m▲ [43;33m[[43;30mWARNING[43;33m][0m [1mDeprecation[0m [1m[35m[plugin angular-sass][0m

    assets/scss/astro-ecommerce/bootstrap/_reboot.scss:503:2:
[37m      503 │   [32m[37mline-height: inherit;
          ╵   [32m^[0m


  Sass's behavior for declarations that appear after nested
  rules will be changing to match the behavior specified by CSS in an upcoming
  version. To keep the existing behavior, move the declaration above the nested
  rule. To opt into the new behavior, wrap the declaration in `& {}`.
  
  More info: [4mhttps://sass-lang.com/d/mixed-decls[0m

  The plugin "angular-sass" was triggered by this import

    angular:styles/global:styles:1:8:
[37m      1 │ @import [32m'src/styles.scss'[37m;
        ╵         [32m~~~~~~~~~~~~~~~~~[0m


[33m▲ [43;33m[[43;30mWARNING[43;33m][0m [1mDeprecation[0m [1m[35m[plugin angular-sass][0m

    assets/scss/astro-ecommerce/bootstrap/_type.scss:38:4:
[37m      38 │     [32m[37mfont-family: $display-font-family;
         ╵     [32m^[0m


  Sass's behavior for declarations that appear after nested
  rules will be changing to match the behavior specified by CSS in an upcoming
  version. To keep the existing behavior, move the declaration above the nested
  rule. To opt into the new behavior, wrap the declaration in `& {}`.
  
  More info: [4mhttps://sass-lang.com/d/mixed-decls[0m

  The plugin "angular-sass" was triggered by this import

    angular:styles/global:styles:1:8:
[37m      1 │ @import [32m'src/styles.scss'[37m;
        ╵         [32m~~~~~~~~~~~~~~~~~[0m


[33m▲ [43;33m[[43;30mWARNING[43;33m][0m [1mDeprecation[0m [1m[35m[plugin angular-sass][0m

    assets/scss/astro-ecommerce/bootstrap/_type.scss:39:4:
[37m      39 │     [32m[37mfont-style: $display-font-style;
         ╵     [32m^[0m


  Sass's behavior for declarations that appear after nested
  rules will be changing to match the behavior specified by CSS in an upcoming
  version. To keep the existing behavior, move the declaration above the nested
  rule. To opt into the new behavior, wrap the declaration in `& {}`.
  
  More info: [4mhttps://sass-lang.com/d/mixed-decls[0m

  The plugin "angular-sass" was triggered by this import

    angular:styles/global:styles:1:8:
[37m      1 │ @import [32m'src/styles.scss'[37m;
        ╵         [32m~~~~~~~~~~~~~~~~~[0m


[33m▲ [43;33m[[43;30mWARNING[43;33m][0m [1mDeprecation[0m [1m[35m[plugin angular-sass][0m

    assets/scss/astro-ecommerce/bootstrap/_type.scss:40:4:
[37m      40 │     [32m[37mfont-weight: $display-font-weight;
         ╵     [32m^[0m


  Sass's behavior for declarations that appear after nested
  rules will be changing to match the behavior specified by CSS in an upcoming
  version. To keep the existing behavior, move the declaration above the nested
  rule. To opt into the new behavior, wrap the declaration in `& {}`.
  
  More info: [4mhttps://sass-lang.com/d/mixed-decls[0m

  The plugin "angular-sass" was triggered by this import

    angular:styles/global:styles:1:8:
[37m      1 │ @import [32m'src/styles.scss'[37m;
        ╵         [32m~~~~~~~~~~~~~~~~~[0m


[33m▲ [43;33m[[43;30mWARNING[43;33m][0m [1mDeprecation[0m [1m[35m[plugin angular-sass][0m

    assets/scss/astro-ecommerce/bootstrap/vendor/_rfs.scss:57:13:
[37m      57 │   $dividend: [32m[37mabs($dividend);
         ╵              [32m^[0m


  Passing percentage units to the global abs() function is deprecated.
  In the future, this will emit a CSS abs() function to be resolved by the browser.
  To preserve current behavior: math.abs(100%)
  To emit a CSS abs() now: abs(#{100%})
  More info: [4mhttps://sass-lang.com/d/abs-percent[0m

  The plugin "angular-sass" was triggered by this import

    angular:styles/global:styles:1:8:
[37m      1 │ @import [32m'src/styles.scss'[37m;
        ╵         [32m~~~~~~~~~~~~~~~~~[0m


[33m▲ [43;33m[[43;30mWARNING[43;33m][0m [1mDeprecation[0m [1m[35m[plugin angular-sass][0m

    assets/scss/astro-ecommerce/variables/_navbar-vertical.scss:2:43:
[37m      2 │ ...-light-hover-bg:                    [32m[37mdarken($gray-100, 5%) !default;
        ╵                                        [32m^[0m


  darken() is deprecated. Suggestions:
  
  color.scale($color, $lightness: -5.1%)
  color.adjust($color, $lightness: -5%)
  
  More info: [4mhttps://sass-lang.com/d/color-functions[0m

  The plugin "angular-sass" was triggered by this import

    angular:styles/global:styles:1:8:
[37m      1 │ @import [32m'src/styles.scss'[37m;
        ╵         [32m~~~~~~~~~~~~~~~~~[0m


[33m▲ [43;33m[[43;30mWARNING[43;33m][0m [1mDeprecation[0m [1m[35m[plugin angular-sass][0m

    assets/scss/astro-ecommerce/variables/_navbar-vertical.scss:3:43:
[37m      3 │ ...-light-active-bg:                   [32m[37mdarken($gray-100, 5%) !default;
        ╵                                        [32m^[0m


  darken() is deprecated. Suggestions:
  
  color.scale($color, $lightness: -5.1%)
  color.adjust($color, $lightness: -5%)
  
  More info: [4mhttps://sass-lang.com/d/color-functions[0m

  The plugin "angular-sass" was triggered by this import

    angular:styles/global:styles:1:8:
[37m      1 │ @import [32m'src/styles.scss'[37m;
        ╵         [32m~~~~~~~~~~~~~~~~~[0m


[33m▲ [43;33m[[43;30mWARNING[43;33m][0m [1mDeprecation[0m [1m[35m[plugin angular-sass][0m

    assets/scss/astro-ecommerce/variables/_social-buttons.scss:4:24:
[37m      4 │ $facebook-states:       [32m[37mdarken($facebook, 5%) !default;
        ╵                         [32m^[0m


  darken() is deprecated. Suggestions:
  
  color.scale($color, $lightness: -12.0853080569%)
  color.adjust($color, $lightness: -5%)
  
  More info: [4mhttps://sass-lang.com/d/color-functions[0m

  The plugin "angular-sass" was triggered by this import

    angular:styles/global:styles:1:8:
[37m      1 │ @import [32m'src/styles.scss'[37m;
        ╵         [32m~~~~~~~~~~~~~~~~~[0m


[33m▲ [43;33m[[43;30mWARNING[43;33m][0m [1mDeprecation[0m [1m[35m[plugin angular-sass][0m

    src/styles.scss:1:8:
[37m      1 │ @import [32m[37m"../assets/scss/astro-ecommerce";
        ╵         [32m^[0m


  Sass @import rules are deprecated and will be removed in Dart Sass 3.0.0.
  
  More info and automated migrator: [4mhttps://sass-lang.com/d/import[0m

  The plugin "angular-sass" was triggered by this import

    angular:styles/global:styles:1:8:
[37m      1 │ @import [32m'src/styles.scss'[37m;
        ╵         [32m~~~~~~~~~~~~~~~~~[0m


[33m▲ [43;33m[[43;30mWARNING[43;33m][0m [1m406 repetitive deprecation warnings omitted.
Run in verbose mode to see all warnings.[0m [1m[35m[plugin angular-sass][0m

    angular:styles/global:styles:1:8:
[37m      1 │ @import [32m'src/styles.scss'[37m;
        ╵         [32m~~~~~~~~~~~~~~~~~[0m

  null

[39m[22m
[1m[33m[33m▲ [43;33m[[43;30mWARNING[43;33m][0m [1mDeprecation[0m [1m[35m[plugin angular-sass][0m

    assets/scss/astro-ecommerce.scss:15:8:
[37m      15 │ @import [32m[37m"astro-ecommerce/bootstrap/functions";
         ╵         [32m^[0m


  Sass @import rules are deprecated and will be removed in Dart Sass 3.0.0.
  
  More info and automated migrator: [4mhttps://sass-lang.com/d/import[0m

  The plugin "angular-sass" was triggered by this import

    angular:styles/global:styles:1:8:
[37m      1 │ @import [32m'src/styles.scss'[37m;
        ╵         [32m~~~~~~~~~~~~~~~~~[0m


[33m▲ [43;33m[[43;30mWARNING[43;33m][0m [1mDeprecation[0m [1m[35m[plugin angular-sass][0m

    assets/scss/astro-ecommerce.scss:18:8:
[37m      18 │ @import [32m[37m"astro-ecommerce/custom/variables";
         ╵         [32m^[0m


  Sass @import rules are deprecated and will be removed in Dart Sass 3.0.0.
  
  More info and automated migrator: [4mhttps://sass-lang.com/d/import[0m

  The plugin "angular-sass" was triggered by this import

    angular:styles/global:styles:1:8:
[37m      1 │ @import [32m'src/styles.scss'[37m;
        ╵         [32m~~~~~~~~~~~~~~~~~[0m


[33m▲ [43;33m[[43;30mWARNING[43;33m][0m [1mDeprecation[0m [1m[35m[plugin angular-sass][0m

    assets/scss/astro-ecommerce.scss:21:8:
[37m      21 │ @import [32m[37m"astro-ecommerce/variables";
         ╵         [32m^[0m


  Sass @import rules are deprecated and will be removed in Dart Sass 3.0.0.
  
  More info and automated migrator: [4mhttps://sass-lang.com/d/import[0m

  The plugin "angular-sass" was triggered by this import

    angular:styles/global:styles:1:8:
[37m      1 │ @import [32m'src/styles.scss'[37m;
        ╵         [32m~~~~~~~~~~~~~~~~~[0m


[33m▲ [43;33m[[43;30mWARNING[43;33m][0m [1mDeprecation[0m [1m[35m[plugin angular-sass][0m

    assets/scss/astro-ecommerce.scss:24:8:
[37m      24 │ @import [32m[37m"astro-ecommerce/bootstrap/bootstrap";
         ╵         [32m^[0m


  Sass @import rules are deprecated and will be removed in Dart Sass 3.0.0.
  
  More info and automated migrator: [4mhttps://sass-lang.com/d/import[0m

  The plugin "angular-sass" was triggered by this import

    angular:styles/global:styles:1:8:
[37m      1 │ @import [32m'src/styles.scss'[37m;
        ╵         [32m~~~~~~~~~~~~~~~~~[0m


[33m▲ [43;33m[[43;30mWARNING[43;33m][0m [1mDeprecation[0m [1m[35m[plugin angular-sass][0m

    assets/scss/astro-ecommerce/_variables.scss:1129:43:
[37m      1129 │ ...thumb-active-bg:               [32m[37mlighten($component-active-bg, ...
           ╵                                   [32m^[0m


  lighten() is deprecated. Suggestions:
  
  color.scale($color, $lightness: 86.231884058%)
  color.adjust($color, $lightness: 35%)
  
  More info: [4mhttps://sass-lang.com/d/color-functions[0m

  The plugin "angular-sass" was triggered by this import

    angular:styles/global:styles:1:8:
[37m      1 │ @import [32m'src/styles.scss'[37m;
        ╵         [32m~~~~~~~~~~~~~~~~~[0m


[33m▲ [43;33m[[43;30mWARNING[43;33m][0m [1mDeprecation[0m [1m[35m[plugin angular-sass][0m

    assets/scss/astro-ecommerce/_variables.scss:1478:36:
[37m      1478 │ ...ver-arrow-outer-color:         [32m[37mfade-in($popover-border-color,...
           ╵                                   [32m^[0m


  fade-in() is deprecated. Suggestions:
  
  color.scale($color, $alpha: 6.25%)
  color.adjust($color, $alpha: 0.05)
  
  More info: [4mhttps://sass-lang.com/d/color-functions[0m

  The plugin "angular-sass" was triggered by this import

    angular:styles/global:styles:1:8:
[37m      1 │ @import [32m'src/styles.scss'[37m;
        ╵         [32m~~~~~~~~~~~~~~~~~[0m


[33m▲ [43;33m[[43;30mWARNING[43;33m][0m [1mDeprecation[0m [1m[35m[plugin angular-sass][0m

    assets/scss/astro-ecommerce/bootstrap/_functions.scss:11:29:
[37m      11 │     @if $prev-num == null or [32m[37munit($num) == "%" or unit($prev-num) ...
         ╵                              [32m^[0m


  Global built-in functions are deprecated and will be removed in Dart Sass 3.0.0.
  Use math.unit instead.
  
  More info and automated migrator: [4mhttps://sass-lang.com/d/import[0m

  The plugin "angular-sass" was triggered by this import

    angular:styles/global:styles:1:8:
[37m      1 │ @import [32m'src/styles.scss'[37m;
        ╵         [32m~~~~~~~~~~~~~~~~~[0m


[33m▲ [43;33m[[43;30mWARNING[43;33m][0m [1mDeprecation[0m [1m[35m[plugin angular-sass][0m

    assets/scss/astro-ecommerce/bootstrap/_functions.scss:11:50:
[37m      11 │ ...$prev-num == null or unit($num) == "%" or [32m[37munit($prev-num) == "%" {
         ╵                                              [32m^[0m


  Global built-in functions are deprecated and will be removed in Dart Sass 3.0.0.
  Use math.unit instead.
  
  More info and automated migrator: [4mhttps://sass-lang.com/d/import[0m

  The plugin "angular-sass" was triggered by this import

    angular:styles/global:styles:1:8:
[37m      1 │ @import [32m'src/styles.scss'[37m;
        ╵         [32m~~~~~~~~~~~~~~~~~[0m


[33m▲ [43;33m[[43;30mWARNING[43;33m][0m [1mDeprecation[0m [1m[35m[plugin angular-sass][0m

    assets/scss/astro-ecommerce/bootstrap/_functions.scss:82:15:
[37m      82 │       $result: [32m[37mmap-merge($result, ("n" + $key: (-$value)));
         ╵                [32m^[0m


  Global built-in functions are deprecated and will be removed in Dart Sass 3.0.0.
  Use map.merge instead.
  
  More info and automated migrator: [4mhttps://sass-lang.com/d/import[0m

  The plugin "angular-sass" was triggered by this import

    angular:styles/global:styles:1:8:
[37m      1 │ @import [32m'src/styles.scss'[37m;
        ╵         [32m~~~~~~~~~~~~~~~~~[0m


[33m▲ [43;33m[[43;30mWARNING[43;33m][0m [1mDeprecation[0m [1m[35m[plugin angular-sass][0m

    assets/scss/astro-ecommerce/bootstrap/_functions.scss:207:10:
[37m      207 │   @return [32m[37mmix(white, $color, $weight);
          ╵           [32m^[0m


  Global built-in functions are deprecated and will be removed in Dart Sass 3.0.0.
  Use color.mix instead.
  
  More info and automated migrator: [4mhttps://sass-lang.com/d/import[0m

  The plugin "angular-sass" was triggered by this import

    angular:styles/global:styles:1:8:
[37m      1 │ @import [32m'src/styles.scss'[37m;
        ╵         [32m~~~~~~~~~~~~~~~~~[0m


[33m▲ [43;33m[[43;30mWARNING[43;33m][0m [1mDeprecation[0m [1m[35m[plugin angular-sass][0m

    assets/scss/astro-ecommerce/bootstrap/_functions.scss:212:10:
[37m      212 │   @return [32m[37mmix(black, $color, $weight);
          ╵           [32m^[0m


  Global built-in functions are deprecated and will be removed in Dart Sass 3.0.0.
  Use color.mix instead.
  
  More info and automated migrator: [4mhttps://sass-lang.com/d/import[0m

  The plugin "angular-sass" was triggered by this import

    angular:styles/global:styles:1:8:
[37m      1 │ @import [32m'src/styles.scss'[37m;
        ╵         [32m~~~~~~~~~~~~~~~~~[0m


[33m▲ [43;33m[[43;30mWARNING[43;33m][0m [1mDeprecation[0m [1m[35m[plugin angular-sass][0m

    assets/scss/astro-ecommerce/bootstrap/_reboot.scss:502:2:
[37m      502 │   [32m[37mfont-weight: $legend-font-weight;
          ╵   [32m^[0m


  Sass's behavior for declarations that appear after nested
  rules will be changing to match the behavior specified by CSS in an upcoming
  version. To keep the existing behavior, move the declaration above the nested
  rule. To opt into the new behavior, wrap the declaration in `& {}`.
  
  More info: [4mhttps://sass-lang.com/d/mixed-decls[0m

  The plugin "angular-sass" was triggered by this import

    angular:styles/global:styles:1:8:
[37m      1 │ @import [32m'src/styles.scss'[37m;
        ╵         [32m~~~~~~~~~~~~~~~~~[0m


[33m▲ [43;33m[[43;30mWARNING[43;33m][0m [1mDeprecation[0m [1m[35m[plugin angular-sass][0m

    assets/scss/astro-ecommerce/bootstrap/_reboot.scss:503:2:
[37m      503 │   [32m[37mline-height: inherit;
          ╵   [32m^[0m


  Sass's behavior for declarations that appear after nested
  rules will be changing to match the behavior specified by CSS in an upcoming
  version. To keep the existing behavior, move the declaration above the nested
  rule. To opt into the new behavior, wrap the declaration in `& {}`.
  
  More info: [4mhttps://sass-lang.com/d/mixed-decls[0m

  The plugin "angular-sass" was triggered by this import

    angular:styles/global:styles:1:8:
[37m      1 │ @import [32m'src/styles.scss'[37m;
        ╵         [32m~~~~~~~~~~~~~~~~~[0m


[33m▲ [43;33m[[43;30mWARNING[43;33m][0m [1mDeprecation[0m [1m[35m[plugin angular-sass][0m

    assets/scss/astro-ecommerce/bootstrap/_type.scss:38:4:
[37m      38 │     [32m[37mfont-family: $display-font-family;
         ╵     [32m^[0m


  Sass's behavior for declarations that appear after nested
  rules will be changing to match the behavior specified by CSS in an upcoming
  version. To keep the existing behavior, move the declaration above the nested
  rule. To opt into the new behavior, wrap the declaration in `& {}`.
  
  More info: [4mhttps://sass-lang.com/d/mixed-decls[0m

  The plugin "angular-sass" was triggered by this import

    angular:styles/global:styles:1:8:
[37m      1 │ @import [32m'src/styles.scss'[37m;
        ╵         [32m~~~~~~~~~~~~~~~~~[0m


[33m▲ [43;33m[[43;30mWARNING[43;33m][0m [1mDeprecation[0m [1m[35m[plugin angular-sass][0m

    assets/scss/astro-ecommerce/bootstrap/_type.scss:39:4:
[37m      39 │     [32m[37mfont-style: $display-font-style;
         ╵     [32m^[0m


  Sass's behavior for declarations that appear after nested
  rules will be changing to match the behavior specified by CSS in an upcoming
  version. To keep the existing behavior, move the declaration above the nested
  rule. To opt into the new behavior, wrap the declaration in `& {}`.
  
  More info: [4mhttps://sass-lang.com/d/mixed-decls[0m

  The plugin "angular-sass" was triggered by this import

    angular:styles/global:styles:1:8:
[37m      1 │ @import [32m'src/styles.scss'[37m;
        ╵         [32m~~~~~~~~~~~~~~~~~[0m


[33m▲ [43;33m[[43;30mWARNING[43;33m][0m [1mDeprecation[0m [1m[35m[plugin angular-sass][0m

    assets/scss/astro-ecommerce/bootstrap/_type.scss:40:4:
[37m      40 │     [32m[37mfont-weight: $display-font-weight;
         ╵     [32m^[0m


  Sass's behavior for declarations that appear after nested
  rules will be changing to match the behavior specified by CSS in an upcoming
  version. To keep the existing behavior, move the declaration above the nested
  rule. To opt into the new behavior, wrap the declaration in `& {}`.
  
  More info: [4mhttps://sass-lang.com/d/mixed-decls[0m

  The plugin "angular-sass" was triggered by this import

    angular:styles/global:styles:1:8:
[37m      1 │ @import [32m'src/styles.scss'[37m;
        ╵         [32m~~~~~~~~~~~~~~~~~[0m


[33m▲ [43;33m[[43;30mWARNING[43;33m][0m [1mDeprecation[0m [1m[35m[plugin angular-sass][0m

    assets/scss/astro-ecommerce/bootstrap/vendor/_rfs.scss:57:13:
[37m      57 │   $dividend: [32m[37mabs($dividend);
         ╵              [32m^[0m


  Passing percentage units to the global abs() function is deprecated.
  In the future, this will emit a CSS abs() function to be resolved by the browser.
  To preserve current behavior: math.abs(100%)
  To emit a CSS abs() now: abs(#{100%})
  More info: [4mhttps://sass-lang.com/d/abs-percent[0m

  The plugin "angular-sass" was triggered by this import

    angular:styles/global:styles:1:8:
[37m      1 │ @import [32m'src/styles.scss'[37m;
        ╵         [32m~~~~~~~~~~~~~~~~~[0m


[33m▲ [43;33m[[43;30mWARNING[43;33m][0m [1mDeprecation[0m [1m[35m[plugin angular-sass][0m

    assets/scss/astro-ecommerce/variables/_navbar-vertical.scss:2:43:
[37m      2 │ ...-light-hover-bg:                    [32m[37mdarken($gray-100, 5%) !default;
        ╵                                        [32m^[0m


  darken() is deprecated. Suggestions:
  
  color.scale($color, $lightness: -5.1%)
  color.adjust($color, $lightness: -5%)
  
  More info: [4mhttps://sass-lang.com/d/color-functions[0m

  The plugin "angular-sass" was triggered by this import

    angular:styles/global:styles:1:8:
[37m      1 │ @import [32m'src/styles.scss'[37m;
        ╵         [32m~~~~~~~~~~~~~~~~~[0m


[33m▲ [43;33m[[43;30mWARNING[43;33m][0m [1mDeprecation[0m [1m[35m[plugin angular-sass][0m

    assets/scss/astro-ecommerce/variables/_navbar-vertical.scss:3:43:
[37m      3 │ ...-light-active-bg:                   [32m[37mdarken($gray-100, 5%) !default;
        ╵                                        [32m^[0m


  darken() is deprecated. Suggestions:
  
  color.scale($color, $lightness: -5.1%)
  color.adjust($color, $lightness: -5%)
  
  More info: [4mhttps://sass-lang.com/d/color-functions[0m

  The plugin "angular-sass" was triggered by this import

    angular:styles/global:styles:1:8:
[37m      1 │ @import [32m'src/styles.scss'[37m;
        ╵         [32m~~~~~~~~~~~~~~~~~[0m


[33m▲ [43;33m[[43;30mWARNING[43;33m][0m [1mDeprecation[0m [1m[35m[plugin angular-sass][0m

    assets/scss/astro-ecommerce/variables/_social-buttons.scss:4:24:
[37m      4 │ $facebook-states:       [32m[37mdarken($facebook, 5%) !default;
        ╵                         [32m^[0m


  darken() is deprecated. Suggestions:
  
  color.scale($color, $lightness: -12.0853080569%)
  color.adjust($color, $lightness: -5%)
  
  More info: [4mhttps://sass-lang.com/d/color-functions[0m

  The plugin "angular-sass" was triggered by this import

    angular:styles/global:styles:1:8:
[37m      1 │ @import [32m'src/styles.scss'[37m;
        ╵         [32m~~~~~~~~~~~~~~~~~[0m


[33m▲ [43;33m[[43;30mWARNING[43;33m][0m [1mDeprecation[0m [1m[35m[plugin angular-sass][0m

    src/styles.scss:1:8:
[37m      1 │ @import [32m[37m"../assets/scss/astro-ecommerce";
        ╵         [32m^[0m


  Sass @import rules are deprecated and will be removed in Dart Sass 3.0.0.
  
  More info and automated migrator: [4mhttps://sass-lang.com/d/import[0m

  The plugin "angular-sass" was triggered by this import

    angular:styles/global:styles:1:8:
[37m      1 │ @import [32m'src/styles.scss'[37m;
        ╵         [32m~~~~~~~~~~~~~~~~~[0m


[33m▲ [43;33m[[43;30mWARNING[43;33m][0m [1m406 repetitive deprecation warnings omitted.
Run in verbose mode to see all warnings.[0m [1m[35m[plugin angular-sass][0m

    angular:styles/global:styles:1:8:
[37m      1 │ @import [32m'src/styles.scss'[37m;
        ╵         [32m~~~~~~~~~~~~~~~~~[0m

  null

[39m[22m
[1m[33m[33m▲ [43;33m[[43;30mWARNING[43;33m][0m [1mDeprecation[0m [1m[35m[plugin angular-sass][0m

    assets/scss/astro-ecommerce.scss:15:8:
[37m      15 │ @import [32m[37m"astro-ecommerce/bootstrap/functions";
         ╵         [32m^[0m


  Sass @import rules are deprecated and will be removed in Dart Sass 3.0.0.
  
  More info and automated migrator: [4mhttps://sass-lang.com/d/import[0m

  The plugin "angular-sass" was triggered by this import

    angular:styles/global:styles:1:8:
[37m      1 │ @import [32m'src/styles.scss'[37m;
        ╵         [32m~~~~~~~~~~~~~~~~~[0m


[33m▲ [43;33m[[43;30mWARNING[43;33m][0m [1mDeprecation[0m [1m[35m[plugin angular-sass][0m

    assets/scss/astro-ecommerce.scss:18:8:
[37m      18 │ @import [32m[37m"astro-ecommerce/custom/variables";
         ╵         [32m^[0m


  Sass @import rules are deprecated and will be removed in Dart Sass 3.0.0.
  
  More info and automated migrator: [4mhttps://sass-lang.com/d/import[0m

  The plugin "angular-sass" was triggered by this import

    angular:styles/global:styles:1:8:
[37m      1 │ @import [32m'src/styles.scss'[37m;
        ╵         [32m~~~~~~~~~~~~~~~~~[0m


[33m▲ [43;33m[[43;30mWARNING[43;33m][0m [1mDeprecation[0m [1m[35m[plugin angular-sass][0m

    assets/scss/astro-ecommerce.scss:21:8:
[37m      21 │ @import [32m[37m"astro-ecommerce/variables";
         ╵         [32m^[0m


  Sass @import rules are deprecated and will be removed in Dart Sass 3.0.0.
  
  More info and automated migrator: [4mhttps://sass-lang.com/d/import[0m

  The plugin "angular-sass" was triggered by this import

    angular:styles/global:styles:1:8:
[37m      1 │ @import [32m'src/styles.scss'[37m;
        ╵         [32m~~~~~~~~~~~~~~~~~[0m


[33m▲ [43;33m[[43;30mWARNING[43;33m][0m [1mDeprecation[0m [1m[35m[plugin angular-sass][0m

    assets/scss/astro-ecommerce.scss:24:8:
[37m      24 │ @import [32m[37m"astro-ecommerce/bootstrap/bootstrap";
         ╵         [32m^[0m


  Sass @import rules are deprecated and will be removed in Dart Sass 3.0.0.
  
  More info and automated migrator: [4mhttps://sass-lang.com/d/import[0m

  The plugin "angular-sass" was triggered by this import

    angular:styles/global:styles:1:8:
[37m      1 │ @import [32m'src/styles.scss'[37m;
        ╵         [32m~~~~~~~~~~~~~~~~~[0m


[33m▲ [43;33m[[43;30mWARNING[43;33m][0m [1mDeprecation[0m [1m[35m[plugin angular-sass][0m

    assets/scss/astro-ecommerce/_variables.scss:1129:43:
[37m      1129 │ ...thumb-active-bg:               [32m[37mlighten($component-active-bg, ...
           ╵                                   [32m^[0m


  lighten() is deprecated. Suggestions:
  
  color.scale($color, $lightness: 86.231884058%)
  color.adjust($color, $lightness: 35%)
  
  More info: [4mhttps://sass-lang.com/d/color-functions[0m

  The plugin "angular-sass" was triggered by this import

    angular:styles/global:styles:1:8:
[37m      1 │ @import [32m'src/styles.scss'[37m;
        ╵         [32m~~~~~~~~~~~~~~~~~[0m


[33m▲ [43;33m[[43;30mWARNING[43;33m][0m [1mDeprecation[0m [1m[35m[plugin angular-sass][0m

    assets/scss/astro-ecommerce/_variables.scss:1478:36:
[37m      1478 │ ...ver-arrow-outer-color:         [32m[37mfade-in($popover-border-color,...
           ╵                                   [32m^[0m


  fade-in() is deprecated. Suggestions:
  
  color.scale($color, $alpha: 6.25%)
  color.adjust($color, $alpha: 0.05)
  
  More info: [4mhttps://sass-lang.com/d/color-functions[0m

  The plugin "angular-sass" was triggered by this import

    angular:styles/global:styles:1:8:
[37m      1 │ @import [32m'src/styles.scss'[37m;
        ╵         [32m~~~~~~~~~~~~~~~~~[0m


[33m▲ [43;33m[[43;30mWARNING[43;33m][0m [1mDeprecation[0m [1m[35m[plugin angular-sass][0m

    assets/scss/astro-ecommerce/bootstrap/_functions.scss:11:29:
[37m      11 │     @if $prev-num == null or [32m[37munit($num) == "%" or unit($prev-num) ...
         ╵                              [32m^[0m


  Global built-in functions are deprecated and will be removed in Dart Sass 3.0.0.
  Use math.unit instead.
  
  More info and automated migrator: [4mhttps://sass-lang.com/d/import[0m

  The plugin "angular-sass" was triggered by this import

    angular:styles/global:styles:1:8:
[37m      1 │ @import [32m'src/styles.scss'[37m;
        ╵         [32m~~~~~~~~~~~~~~~~~[0m


[33m▲ [43;33m[[43;30mWARNING[43;33m][0m [1mDeprecation[0m [1m[35m[plugin angular-sass][0m

    assets/scss/astro-ecommerce/bootstrap/_functions.scss:11:50:
[37m      11 │ ...$prev-num == null or unit($num) == "%" or [32m[37munit($prev-num) == "%" {
         ╵                                              [32m^[0m


  Global built-in functions are deprecated and will be removed in Dart Sass 3.0.0.
  Use math.unit instead.
  
  More info and automated migrator: [4mhttps://sass-lang.com/d/import[0m

  The plugin "angular-sass" was triggered by this import

    angular:styles/global:styles:1:8:
[37m      1 │ @import [32m'src/styles.scss'[37m;
        ╵         [32m~~~~~~~~~~~~~~~~~[0m


[33m▲ [43;33m[[43;30mWARNING[43;33m][0m [1mDeprecation[0m [1m[35m[plugin angular-sass][0m

    assets/scss/astro-ecommerce/bootstrap/_functions.scss:82:15:
[37m      82 │       $result: [32m[37mmap-merge($result, ("n" + $key: (-$value)));
         ╵                [32m^[0m


  Global built-in functions are deprecated and will be removed in Dart Sass 3.0.0.
  Use map.merge instead.
  
  More info and automated migrator: [4mhttps://sass-lang.com/d/import[0m

  The plugin "angular-sass" was triggered by this import

    angular:styles/global:styles:1:8:
[37m      1 │ @import [32m'src/styles.scss'[37m;
        ╵         [32m~~~~~~~~~~~~~~~~~[0m


[33m▲ [43;33m[[43;30mWARNING[43;33m][0m [1mDeprecation[0m [1m[35m[plugin angular-sass][0m

    assets/scss/astro-ecommerce/bootstrap/_functions.scss:207:10:
[37m      207 │   @return [32m[37mmix(white, $color, $weight);
          ╵           [32m^[0m


  Global built-in functions are deprecated and will be removed in Dart Sass 3.0.0.
  Use color.mix instead.
  
  More info and automated migrator: [4mhttps://sass-lang.com/d/import[0m

  The plugin "angular-sass" was triggered by this import

    angular:styles/global:styles:1:8:
[37m      1 │ @import [32m'src/styles.scss'[37m;
        ╵         [32m~~~~~~~~~~~~~~~~~[0m


[33m▲ [43;33m[[43;30mWARNING[43;33m][0m [1mDeprecation[0m [1m[35m[plugin angular-sass][0m

    assets/scss/astro-ecommerce/bootstrap/_functions.scss:212:10:
[37m      212 │   @return [32m[37mmix(black, $color, $weight);
          ╵           [32m^[0m


  Global built-in functions are deprecated and will be removed in Dart Sass 3.0.0.
  Use color.mix instead.
  
  More info and automated migrator: [4mhttps://sass-lang.com/d/import[0m

  The plugin "angular-sass" was triggered by this import

    angular:styles/global:styles:1:8:
[37m      1 │ @import [32m'src/styles.scss'[37m;
        ╵         [32m~~~~~~~~~~~~~~~~~[0m


[33m▲ [43;33m[[43;30mWARNING[43;33m][0m [1mDeprecation[0m [1m[35m[plugin angular-sass][0m

    assets/scss/astro-ecommerce/bootstrap/_reboot.scss:502:2:
[37m      502 │   [32m[37mfont-weight: $legend-font-weight;
          ╵   [32m^[0m


  Sass's behavior for declarations that appear after nested
  rules will be changing to match the behavior specified by CSS in an upcoming
  version. To keep the existing behavior, move the declaration above the nested
  rule. To opt into the new behavior, wrap the declaration in `& {}`.
  
  More info: [4mhttps://sass-lang.com/d/mixed-decls[0m

  The plugin "angular-sass" was triggered by this import

    angular:styles/global:styles:1:8:
[37m      1 │ @import [32m'src/styles.scss'[37m;
        ╵         [32m~~~~~~~~~~~~~~~~~[0m


[33m▲ [43;33m[[43;30mWARNING[43;33m][0m [1mDeprecation[0m [1m[35m[plugin angular-sass][0m

    assets/scss/astro-ecommerce/bootstrap/_reboot.scss:503:2:
[37m      503 │   [32m[37mline-height: inherit;
          ╵   [32m^[0m


  Sass's behavior for declarations that appear after nested
  rules will be changing to match the behavior specified by CSS in an upcoming
  version. To keep the existing behavior, move the declaration above the nested
  rule. To opt into the new behavior, wrap the declaration in `& {}`.
  
  More info: [4mhttps://sass-lang.com/d/mixed-decls[0m

  The plugin "angular-sass" was triggered by this import

    angular:styles/global:styles:1:8:
[37m      1 │ @import [32m'src/styles.scss'[37m;
        ╵         [32m~~~~~~~~~~~~~~~~~[0m


[33m▲ [43;33m[[43;30mWARNING[43;33m][0m [1mDeprecation[0m [1m[35m[plugin angular-sass][0m

    assets/scss/astro-ecommerce/bootstrap/_type.scss:38:4:
[37m      38 │     [32m[37mfont-family: $display-font-family;
         ╵     [32m^[0m


  Sass's behavior for declarations that appear after nested
  rules will be changing to match the behavior specified by CSS in an upcoming
  version. To keep the existing behavior, move the declaration above the nested
  rule. To opt into the new behavior, wrap the declaration in `& {}`.
  
  More info: [4mhttps://sass-lang.com/d/mixed-decls[0m

  The plugin "angular-sass" was triggered by this import

    angular:styles/global:styles:1:8:
[37m      1 │ @import [32m'src/styles.scss'[37m;
        ╵         [32m~~~~~~~~~~~~~~~~~[0m


[33m▲ [43;33m[[43;30mWARNING[43;33m][0m [1mDeprecation[0m [1m[35m[plugin angular-sass][0m

    assets/scss/astro-ecommerce/bootstrap/_type.scss:39:4:
[37m      39 │     [32m[37mfont-style: $display-font-style;
         ╵     [32m^[0m


  Sass's behavior for declarations that appear after nested
  rules will be changing to match the behavior specified by CSS in an upcoming
  version. To keep the existing behavior, move the declaration above the nested
  rule. To opt into the new behavior, wrap the declaration in `& {}`.
  
  More info: [4mhttps://sass-lang.com/d/mixed-decls[0m

  The plugin "angular-sass" was triggered by this import

    angular:styles/global:styles:1:8:
[37m      1 │ @import [32m'src/styles.scss'[37m;
        ╵         [32m~~~~~~~~~~~~~~~~~[0m


[33m▲ [43;33m[[43;30mWARNING[43;33m][0m [1mDeprecation[0m [1m[35m[plugin angular-sass][0m

    assets/scss/astro-ecommerce/bootstrap/_type.scss:40:4:
[37m      40 │     [32m[37mfont-weight: $display-font-weight;
         ╵     [32m^[0m


  Sass's behavior for declarations that appear after nested
  rules will be changing to match the behavior specified by CSS in an upcoming
  version. To keep the existing behavior, move the declaration above the nested
  rule. To opt into the new behavior, wrap the declaration in `& {}`.
  
  More info: [4mhttps://sass-lang.com/d/mixed-decls[0m

  The plugin "angular-sass" was triggered by this import

    angular:styles/global:styles:1:8:
[37m      1 │ @import [32m'src/styles.scss'[37m;
        ╵         [32m~~~~~~~~~~~~~~~~~[0m


[33m▲ [43;33m[[43;30mWARNING[43;33m][0m [1mDeprecation[0m [1m[35m[plugin angular-sass][0m

    assets/scss/astro-ecommerce/bootstrap/vendor/_rfs.scss:57:13:
[37m      57 │   $dividend: [32m[37mabs($dividend);
         ╵              [32m^[0m


  Passing percentage units to the global abs() function is deprecated.
  In the future, this will emit a CSS abs() function to be resolved by the browser.
  To preserve current behavior: math.abs(100%)
  To emit a CSS abs() now: abs(#{100%})
  More info: [4mhttps://sass-lang.com/d/abs-percent[0m

  The plugin "angular-sass" was triggered by this import

    angular:styles/global:styles:1:8:
[37m      1 │ @import [32m'src/styles.scss'[37m;
        ╵         [32m~~~~~~~~~~~~~~~~~[0m


[33m▲ [43;33m[[43;30mWARNING[43;33m][0m [1mDeprecation[0m [1m[35m[plugin angular-sass][0m

    assets/scss/astro-ecommerce/variables/_navbar-vertical.scss:2:43:
[37m      2 │ ...-light-hover-bg:                    [32m[37mdarken($gray-100, 5%) !default;
        ╵                                        [32m^[0m


  darken() is deprecated. Suggestions:
  
  color.scale($color, $lightness: -5.1%)
  color.adjust($color, $lightness: -5%)
  
  More info: [4mhttps://sass-lang.com/d/color-functions[0m

  The plugin "angular-sass" was triggered by this import

    angular:styles/global:styles:1:8:
[37m      1 │ @import [32m'src/styles.scss'[37m;
        ╵         [32m~~~~~~~~~~~~~~~~~[0m


[33m▲ [43;33m[[43;30mWARNING[43;33m][0m [1mDeprecation[0m [1m[35m[plugin angular-sass][0m

    assets/scss/astro-ecommerce/variables/_navbar-vertical.scss:3:43:
[37m      3 │ ...-light-active-bg:                   [32m[37mdarken($gray-100, 5%) !default;
        ╵                                        [32m^[0m


  darken() is deprecated. Suggestions:
  
  color.scale($color, $lightness: -5.1%)
  color.adjust($color, $lightness: -5%)
  
  More info: [4mhttps://sass-lang.com/d/color-functions[0m

  The plugin "angular-sass" was triggered by this import

    angular:styles/global:styles:1:8:
[37m      1 │ @import [32m'src/styles.scss'[37m;
        ╵         [32m~~~~~~~~~~~~~~~~~[0m


[33m▲ [43;33m[[43;30mWARNING[43;33m][0m [1mDeprecation[0m [1m[35m[plugin angular-sass][0m

    assets/scss/astro-ecommerce/variables/_social-buttons.scss:4:24:
[37m      4 │ $facebook-states:       [32m[37mdarken($facebook, 5%) !default;
        ╵                         [32m^[0m


  darken() is deprecated. Suggestions:
  
  color.scale($color, $lightness: -12.0853080569%)
  color.adjust($color, $lightness: -5%)
  
  More info: [4mhttps://sass-lang.com/d/color-functions[0m

  The plugin "angular-sass" was triggered by this import

    angular:styles/global:styles:1:8:
[37m      1 │ @import [32m'src/styles.scss'[37m;
        ╵         [32m~~~~~~~~~~~~~~~~~[0m


[33m▲ [43;33m[[43;30mWARNING[43;33m][0m [1mDeprecation[0m [1m[35m[plugin angular-sass][0m

    src/styles.scss:8:8:
[37m      8 │ @import [32m[37m"../assets/scss/astro-ecommerce";
        ╵         [32m^[0m


  Sass @import rules are deprecated and will be removed in Dart Sass 3.0.0.
  
  More info and automated migrator: [4mhttps://sass-lang.com/d/import[0m

  The plugin "angular-sass" was triggered by this import

    angular:styles/global:styles:1:8:
[37m      1 │ @import [32m'src/styles.scss'[37m;
        ╵         [32m~~~~~~~~~~~~~~~~~[0m


[33m▲ [43;33m[[43;30mWARNING[43;33m][0m [1m406 repetitive deprecation warnings omitted.
Run in verbose mode to see all warnings.[0m [1m[35m[plugin angular-sass][0m

    angular:styles/global:styles:1:8:
[37m      1 │ @import [32m'src/styles.scss'[37m;
        ╵         [32m~~~~~~~~~~~~~~~~~[0m

  null

[39m[22m
